[2021-01-31 03:46:37] local.ERROR: View [app] not found. {"exception":"[object] (InvalidArgumentException(code: 0): View [app] not found. at /home/vebinua/web/dev.edwardbinua.com/public_html/cell5/iems/vendor/laravel/framework/src/Illuminate/View/FileViewFinder.php:137)
[stacktrace]
#0 /home/vebinua/web/dev.edwardbinua.com/public_html/cell5/iems/vendor/laravel/framework/src/Illuminate/View/FileViewFinder.php(79): Illuminate\\View\\FileViewFinder->findInPaths()
#1 /home/vebinua/web/dev.edwardbinua.com/public_html/cell5/iems/vendor/laravel/framework/src/Illuminate/View/Factory.php(138): Illuminate\\View\\FileViewFinder->find()
#2 /home/vebinua/web/dev.edwardbinua.com/public_html/cell5/iems/vendor/laravel/framework/src/Illuminate/Routing/ResponseFactory.php(85): Illuminate\\View\\Factory->make()
#3 /home/vebinua/web/dev.edwardbinua.com/public_html/cell5/iems/vendor/laravel/framework/src/Illuminate/Routing/ViewController.php(37): Illuminate\\Routing\\ResponseFactory->view()
#4 /home/vebinua/web/dev.edwardbinua.com/public_html/cell5/iems/vendor/laravel/framework/src/Illuminate/Routing/Controller.php(54): Illuminate\\Routing\\ViewController->__invoke()
#5 /home/vebinua/web/dev.edwardbinua.com/public_html/cell5/iems/vendor/laravel/framework/src/Illuminate/Routing/ControllerDispatcher.php(45): Illuminate\\Routing\\Controller->callAction()
#6 /home/vebinua/web/dev.edwardbinua.com/public_html/cell5/iems/vendor/laravel/framework/src/Illuminate/Routing/Route.php(254): Illuminate\\Routing\\ControllerDispatcher->dispatch()
#7 /home/vebinua/web/dev.edwardbinua.com/public_html/cell5/iems/vendor/laravel/framework/src/Illuminate/Routing/Route.php(197): Illuminate\\Routing\\Route->runController()
#8 /home/vebinua/web/dev.edwardbinua.com/public_html/cell5/iems/vendor/laravel/framework/src/Illuminate/Routing/Router.php(692): Illuminate\\Routing\\Route->run()
#9 /home/vebinua/web/dev.edwardbinua.com/public_html/cell5/iems/vendor/laravel/framework/src/Illuminate/Pipeline/Pipeline.php(128): Illuminate\\Routing\\Router->Illuminate\\Routing\\{closure}()
#10 /home/vebinua/web/dev.edwardbinua.com/public_html/cell5/iems/vendor/barryvdh/laravel-cors/src/HandleCors.php(37): Illuminate\\Pipeline\\Pipeline->Illuminate\\Pipeline\\{closure}()
#11 /home/vebinua/web/dev.edwardbinua.com/public_html/cell5/iems/vendor/laravel/framework/src/Illuminate/Pipeline/Pipeline.php(167): Fruitcake\\Cors\\HandleCors->handle()
#12 /home/vebinua/web/dev.edwardbinua.com/public_html/cell5/iems/vendor/laravel/framework/src/Illuminate/Routing/Middleware/SubstituteBindings.php(41): Illuminate\\Pipeline\\Pipeline->Illuminate\\Pipeline\\{closure}()
#13 /home/vebinua/web/dev.edwardbinua.com/public_html/cell5/iems/vendor/laravel/framework/src/Illuminate/Pipeline/Pipeline.php(167): Illuminate\\Routing\\Middleware\\SubstituteBindings->handle()
#14 /home/vebinua/web/dev.edwardbinua.com/public_html/cell5/iems/vendor/laravel/framework/src/Illuminate/Foundation/Http/Middleware/VerifyCsrfToken.php(78): Illuminate\\Pipeline\\Pipeline->Illuminate\\Pipeline\\{closure}()
#15 /home/vebinua/web/dev.edwardbinua.com/public_html/cell5/iems/vendor/laravel/framework/src/Illuminate/Pipeline/Pipeline.php(167): Illuminate\\Foundation\\Http\\Middleware\\VerifyCsrfToken->handle()
#16 /home/vebinua/web/dev.edwardbinua.com/public_html/cell5/iems/vendor/laravel/framework/src/Illuminate/View/Middleware/ShareErrorsFromSession.php(49): Illuminate\\Pipeline\\Pipeline->Illuminate\\Pipeline\\{closure}()
#17 /home/vebinua/web/dev.edwardbinua.com/public_html/cell5/iems/vendor/laravel/framework/src/Illuminate/Pipeline/Pipeline.php(167): Illuminate\\View\\Middleware\\ShareErrorsFromSession->handle()
#18 /home/vebinua/web/dev.edwardbinua.com/public_html/cell5/iems/vendor/laravel/framework/src/Illuminate/Session/Middleware/StartSession.php(121): Illuminate\\Pipeline\\Pipeline->Illuminate\\Pipeline\\{closure}()
#19 /home/vebinua/web/dev.edwardbinua.com/public_html/cell5/iems/vendor/laravel/framework/src/Illuminate/Session/Middleware/StartSession.php(63): Illuminate\\Session\\Middleware\\StartSession->handleStatefulRequest()
#20 /home/vebinua/web/dev.edwardbinua.com/public_html/cell5/iems/vendor/laravel/framework/src/Illuminate/Pipeline/Pipeline.php(167): Illuminate\\Session\\Middleware\\StartSession->handle()
#21 /home/vebinua/web/dev.edwardbinua.com/public_html/cell5/iems/vendor/laravel/framework/src/Illuminate/Cookie/Middleware/AddQueuedCookiesToResponse.php(37): Illuminate\\Pipeline\\Pipeline->Illuminate\\Pipeline\\{closure}()
#22 /home/vebinua/web/dev.edwardbinua.com/public_html/cell5/iems/vendor/laravel/framework/src/Illuminate/Pipeline/Pipeline.php(167): Illuminate\\Cookie\\Middleware\\AddQueuedCookiesToResponse->handle()
#23 /home/vebinua/web/dev.edwardbinua.com/public_html/cell5/iems/vendor/laravel/framework/src/Illuminate/Cookie/Middleware/EncryptCookies.php(67): Illuminate\\Pipeline\\Pipeline->Illuminate\\Pipeline\\{closure}()
#24 /home/vebinua/web/dev.edwardbinua.com/public_html/cell5/iems/vendor/laravel/framework/src/Illuminate/Pipeline/Pipeline.php(167): Illuminate\\Cookie\\Middleware\\EncryptCookies->handle()
#25 /home/vebinua/web/dev.edwardbinua.com/public_html/cell5/iems/vendor/laravel/framework/src/Illuminate/Pipeline/Pipeline.php(103): Illuminate\\Pipeline\\Pipeline->Illuminate\\Pipeline\\{closure}()
#26 /home/vebinua/web/dev.edwardbinua.com/public_html/cell5/iems/vendor/laravel/framework/src/Illuminate/Routing/Router.php(694): Illuminate\\Pipeline\\Pipeline->then()
#27 /home/vebinua/web/dev.edwardbinua.com/public_html/cell5/iems/vendor/laravel/framework/src/Illuminate/Routing/Router.php(669): Illuminate\\Routing\\Router->runRouteWithinStack()
#28 /home/vebinua/web/dev.edwardbinua.com/public_html/cell5/iems/vendor/laravel/framework/src/Illuminate/Routing/Router.php(635): Illuminate\\Routing\\Router->runRoute()
#29 /home/vebinua/web/dev.edwardbinua.com/public_html/cell5/iems/vendor/laravel/framework/src/Illuminate/Routing/Router.php(624): Illuminate\\Routing\\Router->dispatchToRoute()
#30 /home/vebinua/web/dev.edwardbinua.com/public_html/cell5/iems/vendor/laravel/framework/src/Illuminate/Foundation/Http/Kernel.php(166): Illuminate\\Routing\\Router->dispatch()
#31 /home/vebinua/web/dev.edwardbinua.com/public_html/cell5/iems/vendor/laravel/framework/src/Illuminate/Pipeline/Pipeline.php(128): Illuminate\\Foundation\\Http\\Kernel->Illuminate\\Foundation\\Http\\{closure}()
#32 /home/vebinua/web/dev.edwardbinua.com/public_html/cell5/iems/vendor/laravel/framework/src/Illuminate/Foundation/Http/Middleware/TransformsRequest.php(21): Illuminate\\Pipeline\\Pipeline->Illuminate\\Pipeline\\{closure}()
#33 /home/vebinua/web/dev.edwardbinua.com/public_html/cell5/iems/vendor/laravel/framework/src/Illuminate/Pipeline/Pipeline.php(167): Illuminate\\Foundation\\Http\\Middleware\\TransformsRequest->handle()
#34 /home/vebinua/web/dev.edwardbinua.com/public_html/cell5/iems/vendor/laravel/framework/src/Illuminate/Foundation/Http/Middleware/TransformsRequest.php(21): Illuminate\\Pipeline\\Pipeline->Illuminate\\Pipeline\\{closure}()
#35 /home/vebinua/web/dev.edwardbinua.com/public_html/cell5/iems/vendor/laravel/framework/src/Illuminate/Pipeline/Pipeline.php(167): Illuminate\\Foundation\\Http\\Middleware\\TransformsRequest->handle()
#36 /home/vebinua/web/dev.edwardbinua.com/public_html/cell5/iems/vendor/laravel/framework/src/Illuminate/Foundation/Http/Middleware/ValidatePostSize.php(27): Illuminate\\Pipeline\\Pipeline->Illuminate\\Pipeline\\{closure}()
#37 /home/vebinua/web/dev.edwardbinua.com/public_html/cell5/iems/vendor/laravel/framework/src/Illuminate/Pipeline/Pipeline.php(167): Illuminate\\Foundation\\Http\\Middleware\\ValidatePostSize->handle()
#38 /home/vebinua/web/dev.edwardbinua.com/public_html/cell5/iems/vendor/laravel/framework/src/Illuminate/Foundation/Http/Middleware/PreventRequestsDuringMaintenance.php(87): Illuminate\\Pipeline\\Pipeline->Illuminate\\Pipeline\\{closure}()
#39 /home/vebinua/web/dev.edwardbinua.com/public_html/cell5/iems/vendor/laravel/framework/src/Illuminate/Pipeline/Pipeline.php(167): Illuminate\\Foundation\\Http\\Middleware\\PreventRequestsDuringMaintenance->handle()
#40 /home/vebinua/web/dev.edwardbinua.com/public_html/cell5/iems/vendor/fideloper/proxy/src/TrustProxies.php(57): Illuminate\\Pipeline\\Pipeline->Illuminate\\Pipeline\\{closure}()
#41 /home/vebinua/web/dev.edwardbinua.com/public_html/cell5/iems/vendor/laravel/framework/src/Illuminate/Pipeline/Pipeline.php(167): Fideloper\\Proxy\\TrustProxies->handle()
#42 /home/vebinua/web/dev.edwardbinua.com/public_html/cell5/iems/app/Http/Middleware/Cors.php(18): Illuminate\\Pipeline\\Pipeline->Illuminate\\Pipeline\\{closure}()
#43 /home/vebinua/web/dev.edwardbinua.com/public_html/cell5/iems/vendor/laravel/framework/src/Illuminate/Pipeline/Pipeline.php(167): App\\Http\\Middleware\\Cors->handle()
#44 /home/vebinua/web/dev.edwardbinua.com/public_html/cell5/iems/vendor/laravel/framework/src/Illuminate/Pipeline/Pipeline.php(103): Illuminate\\Pipeline\\Pipeline->Illuminate\\Pipeline\\{closure}()
#45 /home/vebinua/web/dev.edwardbinua.com/public_html/cell5/iems/vendor/laravel/framework/src/Illuminate/Foundation/Http/Kernel.php(141): Illuminate\\Pipeline\\Pipeline->then()
#46 /home/vebinua/web/dev.edwardbinua.com/public_html/cell5/iems/vendor/laravel/framework/src/Illuminate/Foundation/Http/Kernel.php(110): Illuminate\\Foundation\\Http\\Kernel->sendRequestThroughRouter()
#47 /home/vebinua/web/dev.edwardbinua.com/public_html/cell5/iems/public/index.php(52): Illuminate\\Foundation\\Http\\Kernel->handle()
#48 {main}
"} 
[2021-01-31 03:46:37] local.ERROR: file_put_contents(D:\xampp\htdocs\www.testing.local\iems\Income-Expense-Management-System\storage\framework/sessions/DCCSWQVeNJxos6BHRqM2bgR89WkeCqN2vEXlWmIk): failed to open stream: No such file or directory {"exception":"[object] (ErrorException(code: 0): file_put_contents(D:\\xampp\\htdocs\\www.testing.local\\iems\\Income-Expense-Management-System\\storage\\framework/sessions/DCCSWQVeNJxos6BHRqM2bgR89WkeCqN2vEXlWmIk): failed to open stream: No such file or directory at /home/vebinua/web/dev.edwardbinua.com/public_html/cell5/iems/vendor/laravel/framework/src/Illuminate/Filesystem/Filesystem.php:185)
[stacktrace]
#0 [internal function]: Illuminate\\Foundation\\Bootstrap\\HandleExceptions->handleError()
#1 /home/vebinua/web/dev.edwardbinua.com/public_html/cell5/iems/vendor/laravel/framework/src/Illuminate/Filesystem/Filesystem.php(185): file_put_contents()
#2 /home/vebinua/web/dev.edwardbinua.com/public_html/cell5/iems/vendor/laravel/framework/src/Illuminate/Session/FileSessionHandler.php(83): Illuminate\\Filesystem\\Filesystem->put()
#3 /home/vebinua/web/dev.edwardbinua.com/public_html/cell5/iems/vendor/laravel/framework/src/Illuminate/Session/Store.php(129): Illuminate\\Session\\FileSessionHandler->write()
#4 /home/vebinua/web/dev.edwardbinua.com/public_html/cell5/iems/vendor/laravel/framework/src/Illuminate/Session/Middleware/StartSession.php(236): Illuminate\\Session\\Store->save()
#5 /home/vebinua/web/dev.edwardbinua.com/public_html/cell5/iems/vendor/laravel/framework/src/Illuminate/Session/Middleware/StartSession.php(130): Illuminate\\Session\\Middleware\\StartSession->saveSession()
#6 /home/vebinua/web/dev.edwardbinua.com/public_html/cell5/iems/vendor/laravel/framework/src/Illuminate/Session/Middleware/StartSession.php(63): Illuminate\\Session\\Middleware\\StartSession->handleStatefulRequest()
#7 /home/vebinua/web/dev.edwardbinua.com/public_html/cell5/iems/vendor/laravel/framework/src/Illuminate/Pipeline/Pipeline.php(167): Illuminate\\Session\\Middleware\\StartSession->handle()
#8 /home/vebinua/web/dev.edwardbinua.com/public_html/cell5/iems/vendor/laravel/framework/src/Illuminate/Cookie/Middleware/AddQueuedCookiesToResponse.php(37): Illuminate\\Pipeline\\Pipeline->Illuminate\\Pipeline\\{closure}()
#9 /home/vebinua/web/dev.edwardbinua.com/public_html/cell5/iems/vendor/laravel/framework/src/Illuminate/Pipeline/Pipeline.php(167): Illuminate\\Cookie\\Middleware\\AddQueuedCookiesToResponse->handle()
#10 /home/vebinua/web/dev.edwardbinua.com/public_html/cell5/iems/vendor/laravel/framework/src/Illuminate/Cookie/Middleware/EncryptCookies.php(67): Illuminate\\Pipeline\\Pipeline->Illuminate\\Pipeline\\{closure}()
#11 /home/vebinua/web/dev.edwardbinua.com/public_html/cell5/iems/vendor/laravel/framework/src/Illuminate/Pipeline/Pipeline.php(167): Illuminate\\Cookie\\Middleware\\EncryptCookies->handle()
#12 /home/vebinua/web/dev.edwardbinua.com/public_html/cell5/iems/vendor/laravel/framework/src/Illuminate/Pipeline/Pipeline.php(103): Illuminate\\Pipeline\\Pipeline->Illuminate\\Pipeline\\{closure}()
#13 /home/vebinua/web/dev.edwardbinua.com/public_html/cell5/iems/vendor/laravel/framework/src/Illuminate/Routing/Router.php(694): Illuminate\\Pipeline\\Pipeline->then()
#14 /home/vebinua/web/dev.edwardbinua.com/public_html/cell5/iems/vendor/laravel/framework/src/Illuminate/Routing/Router.php(669): Illuminate\\Routing\\Router->runRouteWithinStack()
#15 /home/vebinua/web/dev.edwardbinua.com/public_html/cell5/iems/vendor/laravel/framework/src/Illuminate/Routing/Router.php(635): Illuminate\\Routing\\Router->runRoute()
#16 /home/vebinua/web/dev.edwardbinua.com/public_html/cell5/iems/vendor/laravel/framework/src/Illuminate/Routing/Router.php(624): Illuminate\\Routing\\Router->dispatchToRoute()
#17 /home/vebinua/web/dev.edwardbinua.com/public_html/cell5/iems/vendor/laravel/framework/src/Illuminate/Foundation/Http/Kernel.php(166): Illuminate\\Routing\\Router->dispatch()
#18 /home/vebinua/web/dev.edwardbinua.com/public_html/cell5/iems/vendor/laravel/framework/src/Illuminate/Pipeline/Pipeline.php(128): Illuminate\\Foundation\\Http\\Kernel->Illuminate\\Foundation\\Http\\{closure}()
#19 /home/vebinua/web/dev.edwardbinua.com/public_html/cell5/iems/vendor/laravel/framework/src/Illuminate/Foundation/Http/Middleware/TransformsRequest.php(21): Illuminate\\Pipeline\\Pipeline->Illuminate\\Pipeline\\{closure}()
#20 /home/vebinua/web/dev.edwardbinua.com/public_html/cell5/iems/vendor/laravel/framework/src/Illuminate/Pipeline/Pipeline.php(167): Illuminate\\Foundation\\Http\\Middleware\\TransformsRequest->handle()
#21 /home/vebinua/web/dev.edwardbinua.com/public_html/cell5/iems/vendor/laravel/framework/src/Illuminate/Foundation/Http/Middleware/TransformsRequest.php(21): Illuminate\\Pipeline\\Pipeline->Illuminate\\Pipeline\\{closure}()
#22 /home/vebinua/web/dev.edwardbinua.com/public_html/cell5/iems/vendor/laravel/framework/src/Illuminate/Pipeline/Pipeline.php(167): Illuminate\\Foundation\\Http\\Middleware\\TransformsRequest->handle()
#23 /home/vebinua/web/dev.edwardbinua.com/public_html/cell5/iems/vendor/laravel/framework/src/Illuminate/Foundation/Http/Middleware/ValidatePostSize.php(27): Illuminate\\Pipeline\\Pipeline->Illuminate\\Pipeline\\{closure}()
#24 /home/vebinua/web/dev.edwardbinua.com/public_html/cell5/iems/vendor/laravel/framework/src/Illuminate/Pipeline/Pipeline.php(167): Illuminate\\Foundation\\Http\\Middleware\\ValidatePostSize->handle()
#25 /home/vebinua/web/dev.edwardbinua.com/public_html/cell5/iems/vendor/laravel/framework/src/Illuminate/Foundation/Http/Middleware/PreventRequestsDuringMaintenance.php(87): Illuminate\\Pipeline\\Pipeline->Illuminate\\Pipeline\\{closure}()
#26 /home/vebinua/web/dev.edwardbinua.com/public_html/cell5/iems/vendor/laravel/framework/src/Illuminate/Pipeline/Pipeline.php(167): Illuminate\\Foundation\\Http\\Middleware\\PreventRequestsDuringMaintenance->handle()
#27 /home/vebinua/web/dev.edwardbinua.com/public_html/cell5/iems/vendor/fideloper/proxy/src/TrustProxies.php(57): Illuminate\\Pipeline\\Pipeline->Illuminate\\Pipeline\\{closure}()
#28 /home/vebinua/web/dev.edwardbinua.com/public_html/cell5/iems/vendor/laravel/framework/src/Illuminate/Pipeline/Pipeline.php(167): Fideloper\\Proxy\\TrustProxies->handle()
#29 /home/vebinua/web/dev.edwardbinua.com/public_html/cell5/iems/app/Http/Middleware/Cors.php(18): Illuminate\\Pipeline\\Pipeline->Illuminate\\Pipeline\\{closure}()
#30 /home/vebinua/web/dev.edwardbinua.com/public_html/cell5/iems/vendor/laravel/framework/src/Illuminate/Pipeline/Pipeline.php(167): App\\Http\\Middleware\\Cors->handle()
#31 /home/vebinua/web/dev.edwardbinua.com/public_html/cell5/iems/vendor/laravel/framework/src/Illuminate/Pipeline/Pipeline.php(103): Illuminate\\Pipeline\\Pipeline->Illuminate\\Pipeline\\{closure}()
#32 /home/vebinua/web/dev.edwardbinua.com/public_html/cell5/iems/vendor/laravel/framework/src/Illuminate/Foundation/Http/Kernel.php(141): Illuminate\\Pipeline\\Pipeline->then()
#33 /home/vebinua/web/dev.edwardbinua.com/public_html/cell5/iems/vendor/laravel/framework/src/Illuminate/Foundation/Http/Kernel.php(110): Illuminate\\Foundation\\Http\\Kernel->sendRequestThroughRouter()
#34 /home/vebinua/web/dev.edwardbinua.com/public_html/cell5/iems/public/index.php(52): Illuminate\\Foundation\\Http\\Kernel->handle()
#35 {main}
"} 
